<?xml version="1.0" encoding="UTF-8"?>
<!-- Generated by org.testng.reporters.JUnitXMLReporter -->
<testsuite ignored="0" hostname="LAPTOP-OJF22CP7" failures="0" tests="8" name="Default test" time="74.022" errors="0" timestamp="2023-01-17T20:08:45 IST">
  <testcase classname="com.cjc.dws.webapp.Test.DWSTest" name="registrationTest" time="1.548"/>
  <testcase classname="com.cjc.dws.webapp.Test.DWSTest" name="Logintest" time="7.195"/>
  <testcase classname="com.cjc.dws.webapp.Test.DWSTest" name="addtocart" time="12.535"/>
  <testcase classname="com.cjc.dws.webapp.Test.DWSTest" name="baddress" time="1.35"/>
  <testcase classname="com.cjc.dws.webapp.Test.DWSTest" name="saddress" time="6.256"/>
  <testcase classname="com.cjc.dws.webapp.Test.DWSTest" name="paymentmethod" time="6.245"/>
  <testcase classname="com.cjc.dws.webapp.Test.DWSTest" name="orderconfirn" time="13.354"/>
  <testcase classname="com.cjc.dws.webapp.Test.DWSTest" name="Logoutmethod" time="21.309"/>
</testsuite> <!-- Default test -->
